Sources/AndroidStudioProjects/Abc/app/build/outputs/apk/manifest-merger-debug-report.txt
-- Merging decision tree log ---
manifest
ADDED from AndroidManifest.xml:2:1
	xmlns:tools
		ADDED from AndroidManifest.xml:3:5
	xmlns:android
		ADDED from AndroidManifest.xml:2:11
	package
		ADDED from AndroidManifest.xml:4:5
		INJECTED from AndroidManifest.xml:0:0
		INJECTED from AndroidManifest.xml:0:0
	android:versionName
		INJECTED from AndroidManifest.xml:0:0
		INJECTED from AndroidManifest.xml:0:0
	android:versionCode
		INJECTED from AndroidManifest.xml:0:0
		INJECTED from AndroidManifest.xml:0:0
application
ADDED from AndroidManifest.xml:6:5
MERGED from Abc:andEngine:unspecified:11:5
MERGED from Abc:andEnginePhysicsBox2DExtension:unspecified:11:5
MERGED from Abc:andEngine:unspecified:11:5
MERGED from Abc:andEngineSVGTextureRegionExtension:unspecified:11:5
MERGED from Abc:andEngine:unspecified:11:5
MERGED from Abc.aeFun:aeFunInterfaces:unspecified:11:5
MERGED from Abc:andEngine:unspecified:11:5
MERGED from Abc:andEngineSVGTextureRegionExtension:unspecified:11:5
MERGED from Abc:andEngine:unspecified:11:5
MERGED from Abc.aeFun:aeFunResourceManagement:unspecified:11:5
MERGED from Abc:andEngine:unspecified:11:5
MERGED from Abc.aeFun:aeFunInterfaces:unspecified:11:5
MERGED from Abc:andEngine:unspecified:11:5
MERGED from Abc:andEngineSVGTextureRegionExtension:unspecified:11:5
MERGED from Abc:andEngine:unspecified:11:5
MERGED from Abc.aeFun:aeFunWidgetLayout:unspecified:16:5
MERGED from Abc.aeFun:aeFunInterfaces:unspecified:11:5
MERGED from Abc:andEngine:unspecified:11:5
MERGED from Abc:andEngineSVGTextureRegionExtension:unspecified:11:5
MERGED from Abc:andEngine:unspecified:11:5
MERGED from Abc.aeFun:aeFunGeometry:unspecified:16:5
MERGED from Abc.aeFun:aeFunInterfaces:unspecified:11:5
MERGED from Abc:andEngine:unspecified:11:5
MERGED from Abc:andEngineSVGTextureRegionExtension:unspecified:11:5
MERGED from Abc:andEngine:unspecified:11:5
MERGED from Abc.aeFun:aeFunResourceManagement:unspecified:11:5
MERGED from Abc:andEngine:unspecified:11:5
MERGED from Abc.aeFun:aeFunInterfaces:unspecified:11:5
MERGED from Abc:andEngine:unspecified:11:5
MERGED from Abc:andEngineSVGTextureRegionExtension:unspecified:11:5
MERGED from Abc:andEngine:unspecified:11:5
MERGED from Abc.aeFun:aeFunWidgetToolKit:unspecified:11:5
MERGED from Abc:andEngine:unspecified:11:5
MERGED from Abc:andEnginePhysicsBox2DExtension:unspecified:11:5
MERGED from Abc:andEngine:unspecified:11:5
MERGED from Abc.aeFun:aeFunInterfaces:unspecified:11:5
MERGED from Abc:andEngine:unspecified:11:5
MERGED from Abc:andEngineSVGTextureRegionExtension:unspecified:11:5
MERGED from Abc:andEngine:unspecified:11:5
MERGED from Abc.aeFun:aeFunResourceManagement:unspecified:11:5
MERGED from Abc:andEngine:unspecified:11:5
MERGED from Abc.aeFun:aeFunInterfaces:unspecified:11:5
MERGED from Abc:andEngine:unspecified:11:5
MERGED from Abc:andEngineSVGTextureRegionExtension:unspecified:11:5
MERGED from Abc:andEngine:unspecified:11:5
MERGED from Abc.aeFun:aeFunSceneManagement:unspecified:11:5
MERGED from Abc:andEngine:unspecified:11:5
MERGED from Abc.aeFun:aeFunInterfaces:unspecified:11:5
MERGED from Abc:andEngine:unspecified:11:5
MERGED from Abc:andEngineSVGTextureRegionExtension:unspecified:11:5
MERGED from Abc:andEngine:unspecified:11:5
MERGED from Abc.aeFun:aeFunWidgetToolKit:unspecified:11:5
MERGED from Abc:andEngine:unspecified:11:5
MERGED from Abc:andEnginePhysicsBox2DExtension:unspecified:11:5
MERGED from Abc:andEngine:unspecified:11:5
MERGED from Abc.aeFun:aeFunInterfaces:unspecified:11:5
MERGED from Abc:andEngine:unspecified:11:5
MERGED from Abc:andEngineSVGTextureRegionExtension:unspecified:11:5
MERGED from Abc:andEngine:unspecified:11:5
MERGED from Abc.aeFun:aeFunResourceManagement:unspecified:11:5
MERGED from Abc:andEngine:unspecified:11:5
MERGED from Abc.aeFun:aeFunInterfaces:unspecified:11:5
MERGED from Abc:andEngine:unspecified:11:5
MERGED from Abc:andEngineSVGTextureRegionExtension:unspecified:11:5
MERGED from Abc:andEngine:unspecified:11:5
MERGED from Abc.aeFun:aeFunResourceManagement:unspecified:11:5
MERGED from Abc:andEngine:unspecified:11:5
MERGED from Abc.aeFun:aeFunInterfaces:unspecified:11:5
MERGED from Abc:andEngine:unspecified:11:5
MERGED from Abc:andEngineSVGTextureRegionExtension:unspecified:11:5
MERGED from Abc:andEngine:unspecified:11:5
MERGED from Abc:interfacesProtected:unspecified:16:5
MERGED from Abc.aeFun:aeFunInterfaces:unspecified:11:5
MERGED from Abc:andEngine:unspecified:11:5
MERGED from Abc:andEngineSVGTextureRegionExtension:unspecified:11:5
MERGED from Abc:andEngine:unspecified:11:5
MERGED from Abc:abcBllXmlRoResources:unspecified:11:5
MERGED from Abc.aeFun:aeFunInterfaces:unspecified:11:5
MERGED from Abc:andEngine:unspecified:11:5
MERGED from Abc:andEngineSVGTextureRegionExtension:unspecified:11:5
MERGED from Abc:andEngine:unspecified:11:5
MERGED from Abc:interfacesProtected:unspecified:16:5
MERGED from Abc.aeFun:aeFunInterfaces:unspecified:11:5
MERGED from Abc:andEngine:unspecified:11:5
MERGED from Abc:andEngineSVGTextureRegionExtension:unspecified:11:5
MERGED from Abc:andEngine:unspecified:11:5
MERGED from Abc:abcBllXmlRoLevels:unspecified:11:5
MERGED from Abc.aeFun:aeFunInterfaces:unspecified:11:5
MERGED from Abc:andEngine:unspecified:11:5
MERGED from Abc:andEngineSVGTextureRegionExtension:unspecified:11:5
MERGED from Abc:andEngine:unspecified:11:5
MERGED from Abc:interfacesProtected:unspecified:16:5
MERGED from Abc.aeFun:aeFunInterfaces:unspecified:11:5
MERGED from Abc:andEngine:unspecified:11:5
MERGED from Abc:andEngineSVGTextureRegionExtension:unspecified:11:5
MERGED from Abc:andEngine:unspecified:11:5
MERGED from Abc:abcBllOrm:unspecified:16:5
MERGED from Abc.aeFun:aeFunInterfaces:unspecified:11:5
MERGED from Abc:andEngine:unspecified:11:5
MERGED from Abc:andEngineSVGTextureRegionExtension:unspecified:11:5
MERGED from Abc:andEngine:unspecified:11:5
MERGED from Abc:interfacesProtected:unspecified:16:5
MERGED from Abc.aeFun:aeFunInterfaces:unspecified:11:5
MERGED from Abc:andEngine:unspecified:11:5
MERGED from Abc:andEngineSVGTextureRegionExtension:unspecified:11:5
MERGED from Abc:andEngine:unspecified:11:5
MERGED from Abc:dog:unspecified:16:5
MERGED from Abc:interfacesProtected:unspecified:16:5
MERGED from Abc.aeFun:aeFunInterfaces:unspecified:11:5
MERGED from Abc:andEngine:unspecified:11:5
MERGED from Abc:andEngineSVGTextureRegionExtension:unspecified:11:5
MERGED from Abc:andEngine:unspecified:11:5
MERGED from Abc:andEngine:unspecified:11:5
MERGED from Abc.aeFun:aeFunInterfaces:unspecified:11:5
MERGED from Abc:andEngine:unspecified:11:5
MERGED from Abc:andEngineSVGTextureRegionExtension:unspecified:11:5
MERGED from Abc:andEngine:unspecified:11:5
MERGED from Abc.aeFun:aeFunResourceManagement:unspecified:11:5
MERGED from Abc:andEngine:unspecified:11:5
MERGED from Abc.aeFun:aeFunInterfaces:unspecified:11:5
MERGED from Abc:andEngine:unspecified:11:5
MERGED from Abc:andEngineSVGTextureRegionExtension:unspecified:11:5
MERGED from Abc:andEngine:unspecified:11:5
MERGED from Abc.aeFun:aeFunDrawablesCharacters:unspecified:16:5
MERGED from Abc.aeFun:aeFunInterfaces:unspecified:11:5
MERGED from Abc:andEngine:unspecified:11:5
MERGED from Abc:andEngineSVGTextureRegionExtension:unspecified:11:5
MERGED from Abc:andEngine:unspecified:11:5
MERGED from Abc.aeFun:aeFunResourceManagement:unspecified:11:5
MERGED from Abc:andEngine:unspecified:11:5
MERGED from Abc.aeFun:aeFunInterfaces:unspecified:11:5
MERGED from Abc:andEngine:unspecified:11:5
MERGED from Abc:andEngineSVGTextureRegionExtension:unspecified:11:5
MERGED from Abc:andEngine:unspecified:11:5
	android:debuggable
		ADDED from Abc:andEngine:unspecified:11:18
	android:label
		ADDED from AndroidManifest.xml:9:9
	android:allowBackup
		ADDED from AndroidManifest.xml:7:9
	android:icon
		ADDED from AndroidManifest.xml:8:9
	android:theme
		ADDED from AndroidManifest.xml:10:9
activity#com.bitarcher.abc.MainActivity
ADDED from AndroidManifest.xml:12:9
	android:label
		ADDED from AndroidManifest.xml:15:13
	tools:replace
		ADDED from AndroidManifest.xml:13:13
	android:name
		ADDED from AndroidManifest.xml:14:13
intent-filter#android.intent.action.MAIN+android.intent.category.LAUNCHER
ADDED from AndroidManifest.xml:16:13
action#android.intent.action.MAIN
ADDED from AndroidManifest.xml:17:17
	android:name
		ADDED from AndroidManifest.xml:17:25
category#android.intent.category.LAUNCHER
ADDED from AndroidManifest.xml:19:17
	android:name
		ADDED from AndroidManifest.xml:19:27
uses-sdk
INJECTED from AndroidManifest.xml:0:0 reason: use-sdk injection requested
MERGED from Abc:andEngine:unspecified:7:5
MERGED from Abc:andEnginePhysicsBox2DExtension:unspecified:7:5
MERGED from Abc:andEngine:unspecified:7:5
MERGED from Abc:andEngineSVGTextureRegionExtension:unspecified:7:5
MERGED from Abc:andEngine:unspecified:7:5
MERGED from Abc.aeFun:aeFunInterfaces:unspecified:7:5
MERGED from Abc:andEngine:unspecified:7:5
MERGED from Abc:andEngineSVGTextureRegionExtension:unspecified:7:5
MERGED from Abc:andEngine:unspecified:7:5
MERGED from Abc.aeFun:aeFunResourceManagement:unspecified:7:5
MERGED from Abc:andEngine:unspecified:7:5
MERGED from Abc.aeFun:aeFunInterfaces:unspecified:7:5
MERGED from Abc:andEngine:unspecified:7:5
MERGED from Abc:andEngineSVGTextureRegionExtension:unspecified:7:5
MERGED from Abc:andEngine:unspecified:7:5
MERGED from Abc.aeFun:aeFunWidgetLayout:unspecified:12:5
MERGED from Abc.aeFun:aeFunInterfaces:unspecified:7:5
MERGED from Abc:andEngine:unspecified:7:5
MERGED from Abc:andEngineSVGTextureRegionExtension:unspecified:7:5
MERGED from Abc:andEngine:unspecified:7:5
MERGED from Abc.aeFun:aeFunGeometry:unspecified:12:5
MERGED from Abc.aeFun:aeFunInterfaces:unspecified:7:5
MERGED from Abc:andEngine:unspecified:7:5
MERGED from Abc:andEngineSVGTextureRegionExtension:unspecified:7:5
MERGED from Abc:andEngine:unspecified:7:5
MERGED from Abc.aeFun:aeFunResourceManagement:unspecified:7:5
MERGED from Abc:andEngine:unspecified:7:5
MERGED from Abc.aeFun:aeFunInterfaces:unspecified:7:5
MERGED from Abc:andEngine:unspecified:7:5
MERGED from Abc:andEngineSVGTextureRegionExtension:unspecified:7:5
MERGED from Abc:andEngine:unspecified:7:5
MERGED from Abc.aeFun:aeFunWidgetToolKit:unspecified:7:5
MERGED from Abc:andEngine:unspecified:7:5
MERGED from Abc:andEnginePhysicsBox2DExtension:unspecified:7:5
MERGED from Abc:andEngine:unspecified:7:5
MERGED from Abc.aeFun:aeFunInterfaces:unspecified:7:5
MERGED from Abc:andEngine:unspecified:7:5
MERGED from Abc:andEngineSVGTextureRegionExtension:unspecified:7:5
MERGED from Abc:andEngine:unspecified:7:5
MERGED from Abc.aeFun:aeFunResourceManagement:unspecified:7:5
MERGED from Abc:andEngine:unspecified:7:5
MERGED from Abc.aeFun:aeFunInterfaces:unspecified:7:5
MERGED from Abc:andEngine:unspecified:7:5
MERGED from Abc:andEngineSVGTextureRegionExtension:unspecified:7:5
MERGED from Abc:andEngine:unspecified:7:5
MERGED from Abc.aeFun:aeFunSceneManagement:unspecified:7:5
MERGED from Abc:andEngine:unspecified:7:5
MERGED from Abc.aeFun:aeFunInterfaces:unspecified:7:5
MERGED from Abc:andEngine:unspecified:7:5
MERGED from Abc:andEngineSVGTextureRegionExtension:unspecified:7:5
MERGED from Abc:andEngine:unspecified:7:5
MERGED from Abc.aeFun:aeFunWidgetToolKit:unspecified:7:5
MERGED from Abc:andEngine:unspecified:7:5
MERGED from Abc:andEnginePhysicsBox2DExtension:unspecified:7:5
MERGED from Abc:andEngine:unspecified:7:5
MERGED from Abc.aeFun:aeFunInterfaces:unspecified:7:5
MERGED from Abc:andEngine:unspecified:7:5
MERGED from Abc:andEngineSVGTextureRegionExtension:unspecified:7:5
MERGED from Abc:andEngine:unspecified:7:5
MERGED from Abc.aeFun:aeFunResourceManagement:unspecified:7:5
MERGED from Abc:andEngine:unspecified:7:5
MERGED from Abc.aeFun:aeFunInterfaces:unspecified:7:5
MERGED from Abc:andEngine:unspecified:7:5
MERGED from Abc:andEngineSVGTextureRegionExtension:unspecified:7:5
MERGED from Abc:andEngine:unspecified:7:5
MERGED from Abc.aeFun:aeFunResourceManagement:unspecified:7:5
MERGED from Abc:andEngine:unspecified:7:5
MERGED from Abc.aeFun:aeFunInterfaces:unspecified:7:5
MERGED from Abc:andEngine:unspecified:7:5
MERGED from Abc:andEngineSVGTextureRegionExtension:unspecified:7:5
MERGED from Abc:andEngine:unspecified:7:5
MERGED from Abc:interfacesProtected:unspecified:12:5
MERGED from Abc.aeFun:aeFunInterfaces:unspecified:7:5
MERGED from Abc:andEngine:unspecified:7:5
MERGED from Abc:andEngineSVGTextureRegionExtension:unspecified:7:5
MERGED from Abc:andEngine:unspecified:7:5
MERGED from Abc:abcBllXmlRoResources:unspecified:7:5
MERGED from Abc.aeFun:aeFunInterfaces:unspecified:7:5
MERGED from Abc:andEngine:unspecified:7:5
MERGED from Abc:andEngineSVGTextureRegionExtension:unspecified:7:5
MERGED from Abc:andEngine:unspecified:7:5
MERGED from Abc:interfacesProtected:unspecified:12:5
MERGED from Abc.aeFun:aeFunInterfaces:unspecified:7:5
MERGED from Abc:andEngine:unspecified:7:5
MERGED from Abc:andEngineSVGTextureRegionExtension:unspecified:7:5
MERGED from Abc:andEngine:unspecified:7:5
MERGED from Abc:abcBllXmlRoLevels:unspecified:7:5
MERGED from Abc.aeFun:aeFunInterfaces:unspecified:7:5
MERGED from Abc:andEngine:unspecified:7:5
MERGED from Abc:andEngineSVGTextureRegionExtension:unspecified:7:5
MERGED from Abc:andEngine:unspecified:7:5
MERGED from Abc:interfacesProtected:unspecified:12:5
MERGED from Abc.aeFun:aeFunInterfaces:unspecified:7:5
MERGED from Abc:andEngine:unspecified:7:5
MERGED from Abc:andEngineSVGTextureRegionExtension:unspecified:7:5
MERGED from Abc:andEngine:unspecified:7:5
MERGED from Abc:abcBllOrm:unspecified:12:5
MERGED from Abc.aeFun:aeFunInterfaces:unspecified:7:5
MERGED from Abc:andEngine:unspecified:7:5
MERGED from Abc:andEngineSVGTextureRegionExtension:unspecified:7:5
MERGED from Abc:andEngine:unspecified:7:5
MERGED from Abc:interfacesProtected:unspecified:12:5
MERGED from Abc.aeFun:aeFunInterfaces:unspecified:7:5
MERGED from Abc:andEngine:unspecified:7:5
MERGED from Abc:andEngineSVGTextureRegionExtension:unspecified:7:5
MERGED from Abc:andEngine:unspecified:7:5
MERGED from Abc:dog:unspecified:12:5
MERGED from Abc:interfacesProtected:unspecified:12:5
MERGED from Abc.aeFun:aeFunInterfaces:unspecified:7:5
MERGED from Abc:andEngine:unspecified:7:5
MERGED from Abc:andEngineSVGTextureRegionExtension:unspecified:7:5
MERGED from Abc:andEngine:unspecified:7:5
MERGED from Abc:andEngine:unspecified:7:5
MERGED from Abc.aeFun:aeFunInterfaces:unspecified:7:5
MERGED from Abc:andEngine:unspecified:7:5
MERGED from Abc:andEngineSVGTextureRegionExtension:unspecified:7:5
MERGED from Abc:andEngine:unspecified:7:5
MERGED from Abc.aeFun:aeFunResourceManagement:unspecified:7:5
MERGED from Abc:andEngine:unspecified:7:5
MERGED from Abc.aeFun:aeFunInterfaces:unspecified:7:5
MERGED from Abc:andEngine:unspecified:7:5
MERGED from Abc:andEngineSVGTextureRegionExtension:unspecified:7:5
MERGED from Abc:andEngine:unspecified:7:5
MERGED from Abc.aeFun:aeFunDrawablesCharacters:unspecified:12:5
MERGED from Abc.aeFun:aeFunInterfaces:unspecified:7:5
MERGED from Abc:andEngine:unspecified:7:5
MERGED from Abc:andEngineSVGTextureRegionExtension:unspecified:7:5
MERGED from Abc:andEngine:unspecified:7:5
MERGED from Abc.aeFun:aeFunResourceManagement:unspecified:7:5
MERGED from Abc:andEngine:unspecified:7:5
MERGED from Abc.aeFun:aeFunInterfaces:unspecified:7:5
MERGED from Abc:andEngine:unspecified:7:5
MERGED from Abc:andEngineSVGTextureRegionExtension:unspecified:7:5
MERGED from Abc:andEngine:unspecified:7:5
	android:targetSdkVersion
		INJECTED from AndroidManifest.xml:0:0
		INJECTED from AndroidManifest.xml:0:0
	android:minSdkVersion
		INJECTED from AndroidManifest.xml:0:0
		INJECTED from AndroidManifest.xml:0:0